<?xml version="1.0" encoding="UTF-8"?>
<!-- Generated by org.testng.reporters.JUnitReportReporter -->
<testsuite hostname="IN-GU1LPW100191" name="com.Lulu.PagesTest.HomePageTest" tests="2" failures="0" timestamp="27 Nov 2019 07:31:36 GMT" time="71.363" errors="0">
  <testcase name="changeCountry" time="33.347" classname="com.Lulu.PagesTest.HomePageTest"/>
  <testcase name="loginLinkTest" time="38.016" classname="com.Lulu.PagesTest.HomePageTest"/>
</testsuite> <!-- com.Lulu.PagesTest.HomePageTest -->
